<?xml version="1.0" encoding="UTF-8"?>
<!-- Generated by org.testng.reporters.JUnitReportReporter -->
<testsuite hostname="krishna" failures="0" tests="1" name="Demo1" time="0.031" errors="0" timestamp="2022-09-02T00:48:54 PDT" skipped="0">
  <testcase classname="Demo1" name="verifystatuscode" time="0.031"/>
  <system-out/>
</testsuite> <!-- Demo1 -->
